\BOOKMARK [1][-]{section*.1}{Contents}{}% 1
\BOOKMARK [1][-]{section*.2}{Preface}{}% 2
\BOOKMARK [1][-]{section.1}{Prior Concepts to Know}{}% 3
\BOOKMARK [2][-]{subsection.1.1}{Banach spaces}{section.1}% 4
\BOOKMARK [2][-]{subsection.1.2}{Lp spaces}{section.1}% 5
\BOOKMARK [2][-]{subsection.1.3}{Hilbert spaces}{section.1}% 6
\BOOKMARK [2][-]{subsection.1.4}{H\366lder spaces}{section.1}% 7
\BOOKMARK [2][-]{subsection.1.5}{Mollifiers}{section.1}% 8
\BOOKMARK [2][-]{subsection.1.6}{Weak derivatives}{section.1}% 9
\BOOKMARK [2][-]{subsection.1.7}{Fourier transform}{section.1}% 10
\BOOKMARK [2][-]{subsection.1.8}{Important inequalities}{section.1}% 11
\BOOKMARK [1][-]{section.2}{Sobolev Spaces}{}% 12
\BOOKMARK [2][-]{subsection.2.1}{Definition of the Wk,p spaces}{section.2}% 13
\BOOKMARK [2][-]{subsection.2.2}{Approximations and Density}{section.2}% 14
\BOOKMARK [2][-]{subsection.2.3}{Extensions}{section.2}% 15
\BOOKMARK [2][-]{subsection.2.4}{Traces}{section.2}% 16
\BOOKMARK [2][-]{subsection.2.5}{Sobolev inequalities, estimates, and embeddings}{section.2}% 17
\BOOKMARK [2][-]{subsection.2.6}{Compactness results}{section.2}% 18
\BOOKMARK [2][-]{subsection.2.7}{Difference quotients and W1,p}{section.2}% 19
\BOOKMARK [2][-]{subsection.2.8}{Fourier transform methods involving Hk}{section.2}% 20
\BOOKMARK [2][-]{subsection.2.9}{Characterization of the H01 dual space}{section.2}% 21
\BOOKMARK [2][-]{subsection.2.10}{Sobolev spaces involving time}{section.2}% 22
\BOOKMARK [1][-]{section.3}{Adaptive Finite Element Methods}{}% 23
\BOOKMARK [1][-]{section*.3}{Notation}{}% 24
\BOOKMARK [1][-]{section*.4}{References}{}% 25
